{
  "RSpec": {
    "coverage": {
      "/Users/makersadmin/Documents/Projects/week10/gilded_rose_challenge/spec/gilded_rose_spec.rb": {
        "lines": [
          1,
          null,
          1,
          1,
          1,
          1,
          null,
          null,
          null,
          1,
          1,
          1,
          1,
          1,
          1,
          1,
          1,
          null,
          null,
          null,
          1,
          1,
          1,
          1,
          1,
          1,
          null,
          1,
          1,
          1,
          1,
          1,
          1,
          null,
          1,
          1,
          1,
          1,
          1,
          1,
          1,
          null,
          null,
          null,
          1,
          1,
          1,
          1,
          1,
          1,
          1,
          null,
          null,
          1,
          1,
          1,
          1,
          1,
          1,
          null,
          null,
          1,
          1,
          1,
          1,
          1,
          1,
          1,
          null,
          1,
          1,
          1,
          1,
          1,
          1,
          1,
          null,
          1,
          1,
          1,
          1,
          1,
          1,
          1,
          1,
          null,
          null,
          null,
          1,
          1,
          1,
          1,
          1,
          1,
          1,
          null,
          1,
          1,
          1,
          1,
          1,
          1,
          null,
          1,
          1,
          1,
          1,
          1,
          1,
          null,
          1,
          1,
          1,
          1,
          1,
          1,
          null,
          1,
          1,
          1,
          1,
          1,
          1,
          1,
          null,
          null,
          null,
          null
        ]
      },
      "/Users/makersadmin/Documents/Projects/week10/gilded_rose_challenge/lib/gilded_rose.rb": {
        "lines": [
          1,
          1,
          14,
          null,
          null,
          1,
          19,
          19,
          7,
          5,
          4,
          null,
          null,
          null,
          12,
          10,
          10,
          5,
          4,
          3,
          null,
          null,
          5,
          3,
          2,
          null,
          null,
          null,
          null,
          null,
          19,
          17,
          null,
          19,
          5,
          3,
          2,
          1,
          1,
          null,
          null,
          null,
          1,
          null,
          null,
          2,
          2,
          null,
          null,
          null,
          null,
          null,
          null,
          null,
          1,
          1,
          null,
          1,
          15,
          15,
          15,
          null,
          null,
          1,
          1,
          null,
          null
        ]
      }
    },
    "timestamp": 1597422719
  }
}
